{
  "RSpec": {
    "coverage": {
      "/Users/tomasgarciamusic/Desktop/Makers/Week_10/bank_tech_test/spec/account_spec.rb": {
        "lines": [
          1,
          null,
          1,
          1,
          2,
          null,
          null,
          1,
          1,
          null,
          null,
          1,
          1,
          null,
          null,
          null,
          1,
          1,
          2,
          null,
          null,
          1,
          1,
          1,
          1,
          null,
          null,
          1,
          1,
          1,
          1,
          1,
          null,
          null,
          null,
          1,
          1,
          2,
          null,
          null,
          1,
          1,
          1,
          1,
          1,
          null,
          null,
          1,
          2,
          null,
          null,
          null,
          1,
          1,
          1,
          1,
          1,
          1,
          1,
          1,
          null,
          null
        ]
      },
      "/Users/tomasgarciamusic/Desktop/Makers/Week_10/bank_tech_test/lib/account.rb": {
        "lines": [
          null,
          null,
          1,
          null,
          1,
          null,
          1,
          7,
          7,
          null,
          null,
          1,
          6,
          6,
          null,
          null,
          1,
          3,
          null,
          2,
          2,
          null,
          null,
          1,
          1,
          1,
          3,
          null,
          null,
          null,
          1,
          null,
          1,
          3,
          null,
          null,
          1,
          8,
          null,
          null
        ]
      }
    },
    "timestamp": 1643727285
  }
}
